Arguments: 
  /usr/bin/node /mnt/c/Users/user/AppData/Roaming/npm/node_modules/yarn/bin/yarn.js install --production --no-optional --network-timeout 1000000

PATH: 
  /home/eriq/.npm/_npx/2d56dd13733e9da7/node_modules/.bin:/home/eriq/projects/vine/node_modules/.bin:/home/eriq/projects/node_modules/.bin:/home/eriq/node_modules/.bin:/home/node_modules/.bin:/node_modules/.bin:/usr/lib/node_modules/npm/node_modules/@npmcli/run-script/lib/node-gyp-bin:/home/eriq/.vscode-server/bin/695af097c7bd098fbf017ce3ac85e09bbc5dda06/bin/remote-cli:/home/eriq/.local/bin:/usr/local/sbin:/usr/local/bin:/usr/sbin:/usr/bin:/sbin:/bin:/usr/games:/usr/local/games:/usr/lib/wsl/lib:/mnt/c/Users/user/AppData/Local/Programs/Python/Python310/Scripts:/mnt/c/WINDOWS/System32/OpenSSH/:/mnt/c/Program Files/Git/cmd:/mnt/c/Program Files/dotnet/:/Docker/host/bin:/mnt/c/Program Files/MySQL/MySQL Shell 8.0/bin/:/mnt/c/Windows/System32:/mnt/c/Users/user/AppData/Local/Microsoft/WindowsApps:/mnt/c/Users/user/AppData/Local/Programs/Microsoft VS Code/bin:/mnt/c/Users/user/AppData/Roaming/npm:/mnt/c/Users/user/AppData/Roaming/Composer/vendor/bin:/mnt/c/Users/user/AppData/Local/Programs/Python/Python310:/mnt/c/Users/user/AppData/Local/Programs/Python/Python310/Scripts:/mnt/c/Program Files/nodejs:/mnt/c/Users/user/.dotnet/tools:/mnt/c/Program Files (x86)/Nmap:/snap/bin:/home/eriq/.push:/home/eriq/.push

Yarn version: 
  1.22.19

Node version: 
  18.16.0

Platform: 
  linux x64

Trace: 
  Error: https://registry.yarnpkg.com/date-fns/-/date-fns-2.30.0.tgz: ESOCKETTIMEDOUT
      at ClientRequest.<anonymous> (/mnt/c/Users/user/AppData/Roaming/npm/node_modules/yarn/lib/cli.js:141517:19)
      at Object.onceWrapper (node:events:627:28)
      at ClientRequest.emit (node:events:513:28)
      at TLSSocket.emitRequestTimeout (node:_http_client:848:9)
      at Object.onceWrapper (node:events:627:28)
      at TLSSocket.emit (node:events:525:35)
      at Socket._onTimeout (node:net:570:8)
      at listOnTimeout (node:internal/timers:569:17)
      at process.processTimers (node:internal/timers:512:7)

npm manifest: 
  {
    "name": "backend",
    "private": true,
    "version": "0.1.0",
    "description": "A Strapi application",
    "scripts": {
      "develop": "strapi develop",
      "start": "strapi start",
      "build": "strapi build",
      "strapi": "strapi"
    },
    "devDependencies": {},
    "dependencies": {
      "@strapi/strapi": "4.11.4",
      "@strapi/plugin-users-permissions": "4.11.4",
      "@strapi/plugin-i18n": "4.11.4",
      "better-sqlite3": "8.0.1"
    },
    "author": {
      "name": "A Strapi developer"
    },
    "strapi": {
      "uuid": "53ea345e-1dca-456e-af38-816d82fe7038"
    },
    "engines": {
      "node": ">=14.19.1 <=18.x.x",
      "npm": ">=6.0.0"
    },
    "license": "MIT"
  }

yarn manifest: 
  No manifest

Lockfile: 
  No lockfile
